2021-08-15 12:13:13,053 INFO S.A.SearchFlights [main] Driver is initialized and URL is opened!
2021-08-15 12:13:54,498 INFO S.A.SearchFlights [main] Driver is initialized and URL is opened!
2021-08-15 12:16:11,539 INFO S.A.SearchFlights [main] Driver is initialized and URL is opened!
2021-08-15 12:19:19,250 INFO S.A.SearchFlights [main] Driver is initialized and URL is opened!
2021-08-15 12:29:35,088 INFO S.A.SearchFlights [main] Driver is initialized and URL is opened!
2021-08-15 12:30:45,759 INFO S.A.SearchFlights [main] Driver is initialized and URL is opened!
2021-08-15 12:37:11,516 INFO S.A.SearchFlights [main] Driver is initialized and URL is opened!
2021-08-15 12:39:32,982 INFO S.A.SearchFlights [main] Driver is initialized and URL is opened!
2021-08-15 12:52:24,230 INFO r.Base [main] Driver is initialized
2021-08-15 12:53:18,159 INFO S.A.SearchFlights [main] Driver is initialized and URL is opened!
2021-08-15 12:54:01,922 INFO S.A.SearchFlights [main] Driver is initialized and URL is opened!
2021-08-15 12:59:36,777 INFO S.A.SearchFlights [main] Driver is initialized and URL is opened!
2021-08-15 13:03:17,049 INFO S.A.SearchFlights [main] Driver is initialized and URL is opened!
2021-08-15 13:04:56,458 INFO S.A.SearchFlights [main] Driver is initialized and URL is opened!
2021-08-15 13:07:26,351 INFO S.A.SearchFlights [main] Driver is initialized and URL is opened!
2021-08-15 13:08:59,735 INFO S.A.SearchFlights [main] Driver is initialized and URL is opened!
2021-08-15 13:10:19,957 INFO S.A.SearchFlights [main] Driver is initialized and URL is opened!
2021-08-15 13:12:16,489 INFO S.A.SearchFlights [main] Driver is initialized and URL is opened!
2021-08-15 13:14:24,829 INFO S.A.SearchFlights [main] Driver is initialized and URL is opened!
2021-08-15 13:15:19,841 INFO S.A.SearchFlights [main] Driver is initialized and URL is opened!
2021-08-15 13:15:53,411 INFO S.A.SearchFlights [main] Driver is initialized and URL is opened!
2021-08-15 13:17:01,314 INFO S.A.SearchFlights [main] Driver is initialized and URL is opened!
2021-08-15 13:24:55,380 INFO S.A.SearchFlights [main] Driver is initialized and URL is opened!
2021-08-15 13:25:56,833 INFO S.A.SearchFlights [main] Driver is initialized and URL is opened!
2021-08-15 13:26:51,674 INFO S.A.SearchFlights [main] Driver is initialized and URL is opened!
2021-08-15 13:31:21,030 INFO S.A.SearchFlights [main] Driver is initialized and URL is opened!
2021-08-15 13:32:10,412 INFO S.A.SearchFlights [main] Driver is initialized and URL is opened!
2021-08-15 13:47:27,457 INFO S.A.SearchFlights [main] Driver is initialized and URL is opened!
2021-08-15 13:53:09,109 INFO S.A.SearchFlights [main] Driver is initialized and URL is opened!
2021-08-15 13:57:59,108 INFO S.A.SearchFlights [main] Driver is initialized and URL is opened!
2021-08-15 14:03:26,864 INFO S.A.SearchFlights [main] Driver is initialized and URL is opened!
2021-08-15 14:05:52,891 INFO S.A.SearchFlights [main] Driver is initialized and URL is opened!
2021-08-15 14:07:55,925 INFO S.A.SearchFlights [main] Driver is initialized and URL is opened!
2021-08-15 14:08:54,819 INFO S.A.SearchFlights [main] Driver is initialized and URL is opened!
2021-08-15 14:09:32,228 INFO S.A.SearchFlights [main] Driver is initialized and URL is opened!
2021-08-15 14:11:46,724 INFO S.A.SearchFlights [main] Driver is initialized and URL is opened!
2021-08-15 14:12:16,021 INFO S.A.SearchFlights [main] Driver is initialized and URL is opened!
2021-08-15 14:13:30,076 INFO S.A.SearchFlights [main] Driver is initialized and URL is opened!
2021-08-15 14:14:47,386 INFO S.A.SearchFlights [main] Driver is initialized and URL is opened!
2021-08-15 14:17:21,864 INFO S.A.SearchFlights [main] Driver is initialized and URL is opened!
2021-08-15 14:18:27,656 INFO S.A.SearchFlights [main] Driver is initialized and URL is opened!
2021-08-15 14:25:43,231 INFO S.A.SearchFlights [main] Driver is initialized and URL is opened!
2021-08-15 14:26:40,524 INFO S.A.SearchFlights [main] Driver is initialized and URL is opened!
2021-08-15 14:27:55,506 INFO S.A.SearchFlights [main] Driver is initialized and URL is opened!
2021-08-15 14:30:14,732 INFO S.A.SearchFlights [main] Driver is initialized and URL is opened!
2021-08-15 14:34:22,228 INFO S.A.SearchFlights [main] Driver is initialized and URL is opened!
2021-08-15 14:36:51,745 INFO S.A.SearchFlights [main] Driver is initialized and URL is opened!
2021-08-15 14:39:22,806 INFO S.A.SearchFlights [main] Driver is initialized and URL is opened!
2021-08-15 14:39:52,161 INFO S.A.SearchFlights [main] Driver is initialized and URL is opened!
2021-08-15 14:46:21,216 INFO S.A.SearchFlights [main] Driver is initialized and URL is opened!
2021-08-15 14:47:16,657 INFO S.A.SearchFlights [main] Driver is initialized and URL is opened!
2021-08-15 15:06:57,781 INFO S.A.SearchFlights [main] Driver is initialized and URL is opened!
2021-08-15 15:08:33,914 INFO S.A.SearchFlights [main] Driver is initialized and URL is opened!
2021-08-15 15:11:11,526 INFO S.A.SearchFlights [main] Driver is initialized and URL is opened!
2021-08-15 15:12:51,921 INFO S.A.SearchFlights [main] Driver is initialized and URL is opened!
2021-08-15 15:59:57,590 INFO S.A.SearchFlights [main] Driver is initialized and URL is opened!
2021-08-15 15:59:58,355 INFO S.A.SearchFlights [main] Departure city set correctly to NYC - New York All Airports, New York, United States
2021-08-15 16:00:46,805 INFO S.A.SearchFlights [main] Driver is initialized and URL is opened!
2021-08-15 16:00:47,500 INFO S.A.SearchFlights [main] Departure city set correctly to NYC - New York All Airports, New York, United States
2021-08-15 16:01:39,628 INFO S.A.SearchFlights [main] Driver is initialized and URL is opened!
2021-08-15 16:01:40,385 INFO S.A.SearchFlights [main] Departure city set correctly to NYC - New York All Airports, New York, United States
2021-08-15 16:01:41,495 INFO S.A.SearchFlights [main] Arrival city set correctly to TPA - Tampa All Airports, Florida, United States
2021-08-15 16:02:57,188 INFO S.A.SearchFlights [main] Driver is initialized and URL is opened!
2021-08-15 16:02:57,866 INFO S.A.SearchFlights [main] Departure city set correctly to NYC - New York All Airports, New York, United States
2021-08-15 16:02:59,091 INFO S.A.SearchFlights [main] Arrival city set correctly to TPA - Tampa All Airports, Florida, United States
2021-08-15 16:18:23,342 INFO S.A.SearchFlights [main] Driver is initialized and URL is opened!
2021-08-15 16:19:32,675 INFO S.A.SearchFlights [main] Driver is initialized and URL is opened!
2021-08-15 16:19:33,346 INFO S.A.SearchFlights [main] Departure city set correctly to NYC - New York All Airports, New York, United States
2021-08-15 16:20:12,267 INFO S.A.SearchFlights [main] Driver is initialized and URL is opened!
2021-08-15 16:20:13,033 INFO S.A.SearchFlights [main] Departure city set correctly to NYC - New York All Airports, New York, United States
2021-08-15 16:20:14,141 INFO S.A.SearchFlights [main] Arrival city set correctly to TPA - Tampa All Airports, Florida, United States
2021-08-15 16:20:50,618 INFO S.A.SearchFlights [main] Driver is initialized and URL is opened!
2021-08-15 16:20:51,695 INFO S.A.SearchFlights [main] Departure city set correctly to NYC - New York All Airports, New York, United States
2021-08-15 16:20:52,744 INFO S.A.SearchFlights [main] Arrival city set correctly to TPA - Tampa All Airports, Florida, United States
2021-08-15 16:20:54,000 INFO S.A.SearchFlights [main] Departure date selected successfully Dec 20
2021-08-15 16:20:54,363 INFO S.A.SearchFlights [main] Return date selected successfully Dec 20
2021-08-15 16:20:55,377 INFO S.A.SearchFlights [main] Number of passengers set successfully 5
2021-08-15 16:20:56,418 INFO S.A.SearchFlights [main] Search button clicked!
2021-08-15 16:21:33,994 INFO S.A.SearchFlights [main] Driver is initialized and URL is opened!
2021-08-15 16:21:34,821 INFO S.A.SearchFlights [main] Departure city set correctly to NYC - New York All Airports, New York, United States
2021-08-15 16:21:35,906 INFO S.A.SearchFlights [main] Arrival city set correctly to TPA - Tampa All Airports, Florida, United States
2021-08-15 16:21:37,467 INFO S.A.SearchFlights [main] Departure date selected successfully Dec 20
2021-08-15 16:21:37,829 INFO S.A.SearchFlights [main] Return date selected successfully Dec 20
2021-08-15 16:21:38,572 INFO S.A.SearchFlights [main] Number of passengers set successfully 5
2021-08-15 16:21:39,747 INFO S.A.SearchFlights [main] Search button clicked!
2021-08-15 16:24:46,438 INFO S.A.SearchFlights [main] Driver is initialized and URL is opened!
2021-08-15 16:24:47,255 INFO S.A.SearchFlights [main] Departure city set correctly to NYC - New York All Airports, New York, United States
2021-08-15 16:24:48,307 INFO S.A.SearchFlights [main] Arrival city set correctly to TPA - Tampa All Airports, Florida, United States
2021-08-15 16:24:49,594 INFO S.A.SearchFlights [main] Departure date selected successfully Dec 20
2021-08-15 16:24:50,006 INFO S.A.SearchFlights [main] Return date selected successfully Dec 20
2021-08-15 16:24:50,938 INFO S.A.SearchFlights [main] Number of passengers set successfully 5
2021-08-15 16:30:30,609 INFO S.A.SearchFlights [main] Driver is initialized and URL is opened!
2021-08-15 16:30:31,262 INFO S.A.SearchFlights [main] Departure city set correctly to NYC - New York All Airports, New York, United States
2021-08-15 16:30:31,835 INFO S.A.SearchFlights [main] Arrival city set correctly to TPA - Tampa All Airports, Florida, United States
2021-08-15 16:30:33,464 INFO S.A.SearchFlights [main] Departure date selected successfully Dec 20
2021-08-15 16:30:33,948 INFO S.A.SearchFlights [main] Return date selected successfully Dec 20
2021-08-15 16:30:34,978 INFO S.A.SearchFlights [main] Number of passengers set successfully 5
2021-08-15 16:30:36,340 INFO S.A.SearchFlights [main] Search button clicked!
2021-08-15 16:31:05,989 INFO S.A.SearchFlights [main] Driver is initialized and URL is opened!
2021-08-15 16:31:06,526 INFO S.A.SearchFlights [main] Departure city set correctly to NYC - New York All Airports, New York, United States
2021-08-15 16:31:23,376 INFO S.A.SearchFlights [main] Arrival city set correctly to TPA - Tampa All Airports, Florida, United States
2021-08-15 16:31:24,402 INFO S.A.SearchFlights [main] Departure date selected successfully Dec 20
2021-08-15 16:31:24,942 INFO S.A.SearchFlights [main] Return date selected successfully Dec 20
2021-08-15 16:31:25,702 INFO S.A.SearchFlights [main] Number of passengers set successfully 5
2021-08-15 16:31:26,839 INFO S.A.SearchFlights [main] Search button clicked!
2021-08-15 16:31:43,273 INFO S.A.SearchFlights [main] Driver is initialized and URL is opened!
2021-08-15 16:31:43,824 INFO S.A.SearchFlights [main] Departure city set correctly to NYC - New York All Airports, New York, United States
2021-08-15 16:31:44,301 INFO S.A.SearchFlights [main] Arrival city set correctly to TPA - Tampa All Airports, Florida, United States
2021-08-15 16:31:45,737 INFO S.A.SearchFlights [main] Departure date selected successfully Dec 20
2021-08-15 16:31:46,177 INFO S.A.SearchFlights [main] Return date selected successfully Dec 20
2021-08-15 16:31:47,101 INFO S.A.SearchFlights [main] Number of passengers set successfully 5
2021-08-15 16:31:48,342 INFO S.A.SearchFlights [main] Search button clicked!
2021-08-15 16:32:50,805 INFO S.A.SearchFlights [main] Driver is initialized and URL is opened!
2021-08-15 16:32:51,458 INFO S.A.SearchFlights [main] Departure city set correctly to NYC - New York All Airports, New York, United States
2021-08-15 16:32:52,182 INFO S.A.SearchFlights [main] Arrival city set correctly to TPA - Tampa All Airports, Florida, United States
2021-08-15 16:32:53,878 INFO S.A.SearchFlights [main] Departure date selected successfully Dec 20
2021-08-15 16:32:54,274 INFO S.A.SearchFlights [main] Return date selected successfully Dec 20
2021-08-15 16:32:55,096 INFO S.A.SearchFlights [main] Number of passengers set successfully 5
2021-08-15 16:32:56,407 INFO S.A.SearchFlights [main] Search button clicked!
2021-08-15 16:35:39,756 INFO S.A.SearchFlights [main] Driver is initialized and URL is opened!
2021-08-15 16:35:40,609 INFO S.A.SearchFlights [main] Departure city set correctly to NYC - New York All Airports, New York, United States
2021-08-15 16:35:41,400 INFO S.A.SearchFlights [main] Arrival city set correctly to TPA - Tampa All Airports, Florida, United States
2021-08-15 16:35:42,896 INFO S.A.SearchFlights [main] Departure date selected successfully Dec 20
2021-08-15 16:35:43,330 INFO S.A.SearchFlights [main] Return date selected successfully Dec 20
2021-08-15 16:35:44,233 INFO S.A.SearchFlights [main] Number of passengers set successfully 5
2021-08-15 16:35:45,459 INFO S.A.SearchFlights [main] Search button clicked!
2021-08-15 16:37:08,588 INFO S.A.SearchFlights [main] Driver is initialized and URL is opened!
2021-08-15 16:37:09,428 INFO S.A.SearchFlights [main] Departure city set correctly to NYC - New York All Airports, New York, United States
2021-08-15 16:50:32,489 INFO S.A.SearchFlights [main] Driver is initialized and URL is opened!
2021-08-15 16:50:33,382 INFO S.A.SearchFlights [main] Departure city set correctly to NYC - New York All Airports, New York, United States
2021-08-15 16:51:24,028 INFO S.A.SearchFlights [main] Driver is initialized and URL is opened!
2021-08-15 16:51:25,261 INFO S.A.SearchFlights [main] Departure city set correctly to NYC - New York All Airports, New York, United States
2021-08-15 16:52:11,799 INFO S.A.SearchFlights [main] Driver is initialized and URL is opened!
2021-08-15 16:52:12,477 INFO S.A.SearchFlights [main] Departure city set correctly to NYC - New York All Airports, New York, United States
2021-08-15 16:54:16,998 INFO S.A.SearchFlights [main] Driver is initialized and URL is opened!
2021-08-15 16:54:17,628 INFO S.A.SearchFlights [main] Departure city set correctly to NYC - New York All Airports, New York, United States
2021-08-15 16:55:17,268 INFO S.A.SearchFlights [main] Driver is initialized and URL is opened!
2021-08-15 16:55:17,958 INFO S.A.SearchFlights [main] Departure city set correctly to NYC - New York All Airports, New York, United States
2021-08-15 17:00:31,198 INFO S.A.SearchFlights [main] Driver is initialized and URL is opened!
2021-08-15 17:00:31,822 INFO S.A.SearchFlights [main] Departure city set correctly to NYC - New York All Airports, New York, United States
2021-08-15 17:01:15,832 INFO S.A.SearchFlights [main] Driver is initialized and URL is opened!
2021-08-15 17:01:16,701 INFO S.A.SearchFlights [main] Departure city set correctly to NYC - New York All Airports, New York, United States
2021-08-15 17:01:17,968 INFO S.A.SearchFlights [main] Arrival city set correctly to TPA - Tampa, Florida, United States
2021-08-15 17:01:19,177 INFO S.A.SearchFlights [main] Departure date selected successfully Dec 20
2021-08-15 17:01:19,559 INFO S.A.SearchFlights [main] Return date selected successfully Dec 20
2021-08-15 17:01:20,509 INFO S.A.SearchFlights [main] Number of passengers set successfully 5
2021-08-15 17:04:20,796 INFO S.A.SearchFlights [main] Driver is initialized and URL is opened!
2021-08-15 17:04:21,492 INFO S.A.SearchFlights [main] Departure city set correctly to NYC - New York All Airports, New York, United States
2021-08-15 17:04:22,610 INFO S.A.SearchFlights [main] Arrival city set correctly to TPA - Tampa, Florida, United States
2021-08-15 17:04:24,320 INFO S.A.SearchFlights [main] Departure date selected successfully Dec 20
2021-08-15 17:04:24,952 INFO S.A.SearchFlights [main] Return date selected successfully Dec 20
2021-08-15 17:04:26,301 INFO S.A.SearchFlights [main] Number of passengers set successfully 5
2021-08-15 17:04:27,776 INFO S.A.SearchFlights [main] Search button clicked!
2021-08-15 18:21:51,997 INFO S.A.SearchFlights [main] Driver is initialized and URL is opened!
2021-08-15 18:23:44,330 INFO S.A.SearchFlights [main] Driver is initialized and URL is opened!
2021-08-15 18:24:30,280 INFO S.A.SearchFlights [main] Driver is initialized and URL is opened!
2021-08-15 18:25:03,765 INFO S.A.SearchFlights [main] Driver is initialized and URL is opened!
2021-08-15 18:25:58,182 INFO S.A.SearchFlights [main] Driver is initialized and URL is opened!
2021-08-15 18:31:10,695 INFO S.A.SearchFlights [main] Driver is initialized and URL is opened!
2021-08-15 18:31:52,521 INFO S.A.SearchFlights [main] Driver is initialized and URL is opened!
2021-08-15 18:32:42,702 INFO S.A.SearchFlights [main] Driver is initialized and URL is opened!
2021-08-15 18:36:30,040 INFO S.A.SearchFlights [main] Driver is initialized and URL is opened!
2021-08-15 18:37:37,400 INFO S.A.SearchFlights [main] Driver is initialized and URL is opened!
2021-08-15 18:39:14,354 INFO S.A.SearchFlights [main] Driver is initialized and URL is opened!
2021-08-15 18:43:24,172 INFO S.A.SearchFlights [main] Driver is initialized and URL is opened!
2021-08-15 18:59:17,515 INFO S.A.SearchFlights [main] Driver is initialized and URL is opened!
2021-08-15 19:01:15,775 INFO S.A.SearchFlights [main] Driver is initialized and URL is opened!
2021-08-15 19:04:38,098 INFO S.A.SearchFlights [main] Driver is initialized and URL is opened!
2021-08-15 19:04:38,790 INFO S.A.SearchFlights [main] Departure city set correctly to NYC - New York All Airports, New York, United States
2021-08-15 19:04:39,674 INFO S.A.SearchFlights [main] Arrival city set correctly to TPA - Tampa, Florida, United States
2021-08-15 19:04:41,061 INFO S.A.SearchFlights [main] Departure date selected successfully Dec 20
2021-08-15 19:04:41,424 INFO S.A.SearchFlights [main] Return date selected successfully Dec 20
2021-08-15 19:04:42,375 INFO S.A.SearchFlights [main] Number of passengers set successfully 5
2021-08-15 19:04:43,706 INFO S.A.SearchFlights [main] Search button clicked!
